[    1844ms] [ERROR] Failed to load resource: the server responded with a status of 404 (Not Found) @ http://localhost:3000/_next/image?url=https%3A%2F%2Fimages.unsplash.com%2Fphoto-1594824476967-48c8b964e05a%3Fw%3D100%26h%3D100%26fit%3Dcrop%26crop%3Dface&w=3840&q=75:0
[    3085ms] [ERROR] Failed to load resource: the server responded with a status of 500 (Internal Server Error) @ http://localhost:3000/manifest.webmanifest:0
[    3085ms] [ERROR] Manifest fetch from http://localhost:3000/manifest.webmanifest failed, code 500 @ http://localhost:3000/:0
[    3300ms] [WARNING] Image with src "https://images.unsplash.com/photo-1594824476967-48c8b964e05a?w=100&h=100&fit=crop&crop=face" has "fill" but is missing "sizes" prop. Please add it to improve page performance. Read more: https://nextjs.org/docs/api-reference/next/image#sizes @ webpack-internal:///(app-pages-browser)/./node_modules/.pnpm/next@15.5.11_@babel+core@7.28.5_@opentelemetry+api@1.9.0_@playwright+test@1.57.0_babel-_82263f28201222a378dd8c1ed0e3617b/node_modules/next/dist/shared/lib/utils/warn-once.js:15
[    3300ms] [WARNING] Image with src "/branding/wordmark.png" has either width or height modified, but not the other. If you use CSS to change the size of your image, also include the styles 'width: "auto"' or 'height: "auto"' to maintain the aspect ratio. @ webpack-internal:///(app-pages-browser)/./node_modules/.pnpm/next@15.5.11_@babel+core@7.28.5_@opentelemetry+api@1.9.0_@playwright+test@1.57.0_babel-_82263f28201222a378dd8c1ed0e3617b/node_modules/next/dist/shared/lib/utils/warn-once.js:15
[    3303ms] [ERROR] Loading the script 'https://va.vercel-scripts.com/v1/script.debug.js' violates the following Content Security Policy directive: "script-src 'self' 'unsafe-inline' 'unsafe-eval' https://js.stripe.com https://www.googletagmanager.com https://www.google-analytics.com https://challenges.cloudflare.com https://*.clerk.accounts.dev https://*.clerk.com https://clerk.instantmed.com.au". Note that 'script-src-elem' was not explicitly set, so 'script-src' is used as a fallback. The action has been blocked. @ webpack-internal:///(app-pages-browser)/./node_modules/.pnpm/@vercel+analytics@1.6.1_next@15.5.11_@babel+core@7.28.5_@opentelemetry+api@1.9.0_@playw_1ea5eef320c256c53f04fc4ad5bbf81c/node_modules/@vercel/analytics/dist/next/index.mjs:136
[    3321ms] [WARNING] Image with src "/female-doctor-professional-headshot-warm-smile-aus.jpg" has "fill" but is missing "sizes" prop. Please add it to improve page performance. Read more: https://nextjs.org/docs/api-reference/next/image#sizes @ webpack-internal:///(app-pages-browser)/./node_modules/.pnpm/next@15.5.11_@babel+core@7.28.5_@opentelemetry+api@1.9.0_@playwright+test@1.57.0_babel-_82263f28201222a378dd8c1ed0e3617b/node_modules/next/dist/shared/lib/utils/warn-once.js:15
[    3321ms] [WARNING] Image with src "https://images.unsplash.com/photo-1612349317150-e413f6a5b16d?w=100&h=100&fit=crop&crop=face" has "fill" but is missing "sizes" prop. Please add it to improve page performance. Read more: https://nextjs.org/docs/api-reference/next/image#sizes @ webpack-internal:///(app-pages-browser)/./node_modules/.pnpm/next@15.5.11_@babel+core@7.28.5_@opentelemetry+api@1.9.0_@playwright+test@1.57.0_babel-_82263f28201222a378dd8c1ed0e3617b/node_modules/next/dist/shared/lib/utils/warn-once.js:15
[    3408ms] [ERROR] Failed to load resource: the server responded with a status of 400 () @ https://clerk.instantmed.com.au/v1/client?__clerk_api_version=2025-11-10&_clerk_js_version=5.124.0:0
[    3574ms] [ERROR] Failed to load resource: the server responded with a status of 400 () @ https://clerk.instantmed.com.au/v1/environment?__clerk_api_version=2025-11-10&_clerk_js_version=5.124.0:0
[    3576ms] [ERROR] e: Clerk: Production Keys are only allowed for domain "instantmed.com.au". 
API Error: The Request HTTP Origin header must be equal to or a subdomain of the requesting URL.
    at https://clerk.instantmed.com.au/npm/@clerk/clerk-js@5/dist/clerk.browser.js:2:7182
    at u._baseFetch (https://clerk.instantmed.com.au/npm/@clerk/clerk-js@5/dist/clerk.browser.js:3:38)
    at async d.execute (https://clerk.instantmed.com.au/npm/@clerk/clerk-js@5/dist/clerk.browser.js:2:5226)
    at async s._baseGet (https://clerk.instantmed.com.au/npm/@clerk/clerk-js@5/dist/clerk.browser.js:3:567)
    at async Promise.all (index 1)
    at async #U (https://clerk.instantmed.com.au/npm/@clerk/clerk-js@5/dist/clerk.browser.js:5:72292)
    at async e4.load (https://clerk.instantmed.com.au/npm/@clerk/clerk-js@5/dist/clerk.browser.js:5:33269)
    at async _IsomorphicClerk.loadClerkJS (webpack-internal:///(app-pages-browser)/./node_modules/.pnpm/@clerk+clerk-react@5.59.4_react-dom@19.2.3_react@19.2.3__react@19.2.3/node_modules/@clerk/clerk-react/dist/index.mjs:1726:9) @ webpack-internal:///(app-pages-browser)/./node_modules/.pnpm/next@15.5.11_@babel+core@7.28.5_@opentelemetry+api@1.9.0_@playwright+test@1.57.0_babel-_82263f28201222a378dd8c1ed0e3617b/node_modules/next/dist/next-devtools/userspace/app/errors/intercept-console-error.js:56
[    3698ms] [ERROR] Connecting to 'https://pagead2.googlesyndication.com/ccm/collect?frm=0&en=page_view&dl=http%3A%2F%2Flocalhost%3A3000%2F&scrsrc=www.googletagmanager.com&rnd=1300236828.1771665263&navt=n&npa=1&gtm=45be62i1v9239393964za200zd9239393964xec&gcs=G101&gcd=13p3t3p3p5l1&dma_cps=-&dma=0&tag_exp=103116026~103200004~104527906~104528501~104684208~104684211~115938466~115938468~117455676~117455678&apve=1&apvf=f&apvc=1&tids=AW-17795889471&tid=AW-17795889471&tft=1771665263084&tfd=3668' violates the following Content Security Policy directive: "connect-src 'self' ws://localhost:* http://localhost:* https://*.supabase.co wss://*.supabase.co https://api.stripe.com https://*.google-analytics.com https://*.sentry.io https://api.resend.com https://challenges.cloudflare.com https://*.posthog.com https://us.i.posthog.com https://*.clerk.accounts.dev https://*.clerk.com https://clerk.instantmed.com.au https://accounts.instantmed.com.au". The action has been blocked. @ https://www.googletagmanager.com/gtag/js?id=AW-17795889471:156
[    3698ms] [ERROR] Fetch API cannot load https://pagead2.googlesyndication.com/ccm/collect?frm=0&en=page_view&dl=http%3A%2F%2Flocalhost%3A3000%2F&scrsrc=www.googletagmanager.com&rnd=1300236828.1771665263&navt=n&npa=1&gtm=45be62i1v9239393964za200zd9239393964xec&gcs=G101&gcd=13p3t3p3p5l1&dma_cps=-&dma=0&tag_exp=103116026~103200004~104527906~104528501~104684208~104684211~115938466~115938468~117455676~117455678&apve=1&apvf=f&apvc=1&tids=AW-17795889471&tid=AW-17795889471&tft=1771665263084&tfd=3668. Refused to connect because it violates the document's Content Security Policy. @ https://www.googletagmanager.com/gtag/js?id=AW-17795889471:156
[    3698ms] [ERROR] Loading the image 'https://pagead2.googlesyndication.com/ccm/collect?frm=0&en=page_view&dl=http%3A%2F%2Flocalhost%3A3000%2F&scrsrc=www.googletagmanager.com&rnd=1300236828.1771665263&navt=n&npa=1&gtm=45be62i1v9239393964za200zd9239393964xec&gcs=G101&gcd=13p3t3p3p5l1&dma_cps=-&dma=0&tag_exp=103116026~103200004~104527906~104528501~104684208~104684211~115938466~115938468~117455676~117455678&apve=1&apvf=f&apvc=1&tids=AW-17795889471&tid=AW-17795889471&tft=1771665263084&tfd=3668&img=1' violates the following Content Security Policy directive: "img-src 'self' data: blob: https://*.supabase.co https://images.unsplash.com https://raw.githubusercontent.com https://svgl.app https://api.dicebear.com https://img.clerk.com https://*.clerk.com https://*.googleusercontent.com https://*.gravatar.com https://*.stripe.com". The action has been blocked. @ http://localhost:3000/:0
[    3703ms] [ERROR] Framing 'https://www.googletagmanager.com/' violates the following Content Security Policy directive: "frame-src 'self' https://js.stripe.com https://challenges.cloudflare.com https://*.clerk.accounts.dev https://*.clerk.com https://clerk.instantmed.com.au https://accounts.instantmed.com.au". The request has been blocked.
 @ https://www.googletagmanager.com/:0
[    3713ms] [WARNING] Failed to execute 'postMessage' on 'DOMWindow': The target origin provided ('https://www.googletagmanager.com') does not match the recipient window's origin ('null'). @ https://www.googletagmanager.com/gtag/js?id=AW-17795889471:574
[    4212ms] [WARNING] Failed to execute 'postMessage' on 'DOMWindow': The target origin provided ('https://www.googletagmanager.com') does not match the recipient window's origin ('null'). @ https://www.googletagmanager.com/gtag/js?id=AW-17795889471:574
[    4713ms] [WARNING] Failed to execute 'postMessage' on 'DOMWindow': The target origin provided ('https://www.googletagmanager.com') does not match the recipient window's origin ('null'). @ https://www.googletagmanager.com/gtag/js?id=AW-17795889471:574
[    4891ms] [ERROR] Failed to load resource: the server responded with a status of 404 (Not Found) @ http://localhost:3000/favicon.ico:0
[    5126ms] [ERROR] Failed to load resource: the server responded with a status of 500 (Internal Server Error) @ http://localhost:3000/manifest.webmanifest:0
[    5126ms] [ERROR] Manifest fetch from http://localhost:3000/manifest.webmanifest failed, code 500 @ http://localhost:3000/:0
[    5215ms] [WARNING] Failed to execute 'postMessage' on 'DOMWindow': The target origin provided ('https://www.googletagmanager.com') does not match the recipient window's origin ('null'). @ https://www.googletagmanager.com/gtag/js?id=AW-17795889471:574
[    5721ms] [WARNING] Failed to execute 'postMessage' on 'DOMWindow': The target origin provided ('https://www.googletagmanager.com') does not match the recipient window's origin ('null'). @ https://www.googletagmanager.com/gtag/js?id=AW-17795889471:574
[    6227ms] [WARNING] Failed to execute 'postMessage' on 'DOMWindow': The target origin provided ('https://www.googletagmanager.com') does not match the recipient window's origin ('null'). @ https://www.googletagmanager.com/gtag/js?id=AW-17795889471:574
[    6732ms] [WARNING] Failed to execute 'postMessage' on 'DOMWindow': The target origin provided ('https://www.googletagmanager.com') does not match the recipient window's origin ('null'). @ https://www.googletagmanager.com/gtag/js?id=AW-17795889471:574
[    7238ms] [WARNING] Failed to execute 'postMessage' on 'DOMWindow': The target origin provided ('https://www.googletagmanager.com') does not match the recipient window's origin ('null'). @ https://www.googletagmanager.com/gtag/js?id=AW-17795889471:574
[    7744ms] [WARNING] Failed to execute 'postMessage' on 'DOMWindow': The target origin provided ('https://www.googletagmanager.com') does not match the recipient window's origin ('null'). @ https://www.googletagmanager.com/gtag/js?id=AW-17795889471:574
[    8250ms] [WARNING] Failed to execute 'postMessage' on 'DOMWindow': The target origin provided ('https://www.googletagmanager.com') does not match the recipient window's origin ('null'). @ https://www.googletagmanager.com/gtag/js?id=AW-17795889471:574
[    8756ms] [WARNING] Failed to execute 'postMessage' on 'DOMWindow': The target origin provided ('https://www.googletagmanager.com') does not match the recipient window's origin ('null'). @ https://www.googletagmanager.com/gtag/js?id=AW-17795889471:574
[    9261ms] [WARNING] Failed to execute 'postMessage' on 'DOMWindow': The target origin provided ('https://www.googletagmanager.com') does not match the recipient window's origin ('null'). @ https://www.googletagmanager.com/gtag/js?id=AW-17795889471:574
[    9766ms] [WARNING] Failed to execute 'postMessage' on 'DOMWindow': The target origin provided ('https://www.googletagmanager.com') does not match the recipient window's origin ('null'). @ https://www.googletagmanager.com/gtag/js?id=AW-17795889471:574
[   10273ms] [WARNING] Failed to execute 'postMessage' on 'DOMWindow': The target origin provided ('https://www.googletagmanager.com') does not match the recipient window's origin ('null'). @ https://www.googletagmanager.com/gtag/js?id=AW-17795889471:574
[   10779ms] [WARNING] Failed to execute 'postMessage' on 'DOMWindow': The target origin provided ('https://www.googletagmanager.com') does not match the recipient window's origin ('null'). @ https://www.googletagmanager.com/gtag/js?id=AW-17795889471:574
[   11285ms] [WARNING] Failed to execute 'postMessage' on 'DOMWindow': The target origin provided ('https://www.googletagmanager.com') does not match the recipient window's origin ('null'). @ https://www.googletagmanager.com/gtag/js?id=AW-17795889471:574
[   11791ms] [WARNING] Failed to execute 'postMessage' on 'DOMWindow': The target origin provided ('https://www.googletagmanager.com') does not match the recipient window's origin ('null'). @ https://www.googletagmanager.com/gtag/js?id=AW-17795889471:574
[   12297ms] [WARNING] Failed to execute 'postMessage' on 'DOMWindow': The target origin provided ('https://www.googletagmanager.com') does not match the recipient window's origin ('null'). @ https://www.googletagmanager.com/gtag/js?id=AW-17795889471:574
[   12802ms] [WARNING] Failed to execute 'postMessage' on 'DOMWindow': The target origin provided ('https://www.googletagmanager.com') does not match the recipient window's origin ('null'). @ https://www.googletagmanager.com/gtag/js?id=AW-17795889471:574
[   13307ms] [WARNING] Failed to execute 'postMessage' on 'DOMWindow': The target origin provided ('https://www.googletagmanager.com') does not match the recipient window's origin ('null'). @ https://www.googletagmanager.com/gtag/js?id=AW-17795889471:574
[   13813ms] [WARNING] Failed to execute 'postMessage' on 'DOMWindow': The target origin provided ('https://www.googletagmanager.com') does not match the recipient window's origin ('null'). @ https://www.googletagmanager.com/gtag/js?id=AW-17795889471:574
